2025-04-08 18:04:36.766048 - Received CBT.V508.FILE042.PDS from FILE042.XMI 
2025-04-08 18:04:36.779418 - Found $$$#DATE.txt (text/plain) in CBT.V508.FILE042.PDS, moved to PDS/$$$#DATE
2025-04-08 18:04:36.780240 - Found $CDPARMS.txt (text/plain) in CBT.V508.FILE042.PDS, moved to PDS/$CDPARMS
2025-04-08 18:04:36.780961 - Found $CONTACT.txt (text/plain) in CBT.V508.FILE042.PDS, moved to PDS/$CONTACT
2025-04-08 18:04:36.781762 - Found $DOC.txt (text/plain) in CBT.V508.FILE042.PDS, moved to PDS/$DOC
2025-04-08 18:04:36.782593 - Found $INDEX.txt (text/plain) in CBT.V508.FILE042.PDS, moved to PDS/$INDEX
2025-04-08 18:04:36.783451 - Found $INST.txt (text/plain) in CBT.V508.FILE042.PDS, moved to PDS/$INST
2025-04-08 18:04:36.784140 - Found $REXXUPD.rexx (text/plain) in CBT.V508.FILE042.PDS, moved to PDS/$REXXUPD
2025-04-08 18:04:36.784821 - Found $WORD.txt (text/plain) in CBT.V508.FILE042.PDS, moved to PDS/$WORD
2025-04-08 18:04:36.785519 - Found @FILE042.txt (text/plain) in CBT.V508.FILE042.PDS, moved to PDS/@FILE042
2025-04-08 18:04:36.786290 - Found CDCOMMS.txt (text/plain) in CBT.V508.FILE042.PDS, moved to PDS/CDCOMMS
2025-04-08 18:04:36.787081 - Found CDDIAG.txt (text/plain) in CBT.V508.FILE042.PDS, moved to PDS/CDDIAG
2025-04-08 18:04:36.787873 - Found CDJCL.txt (text/plain) in CBT.V508.FILE042.PDS, moved to PDS/CDJCL
2025-04-08 18:04:36.788639 - Found CDPARMS.txt (text/plain) in CBT.V508.FILE042.PDS, moved to PDS/CDPARMS
2025-04-08 18:04:36.789342 - Found COBATCH.txt (text/plain) in CBT.V508.FILE042.PDS, moved to PDS/COBATCH
2025-04-08 18:04:36.790130 - Found COICE.txt (text/plain) in CBT.V508.FILE042.PDS, moved to PDS/COICE
2025-04-08 18:04:36.790870 - Found COMAIN.txt (text/plain) in CBT.V508.FILE042.PDS, moved to PDS/COMAIN
2025-04-08 18:04:36.791634 - Found COSRTCNT.txt (text/plain) in CBT.V508.FILE042.PDS, moved to PDS/COSRTCNT
2025-04-08 18:04:36.792308 - Found COTIME.txt (text/plain) in CBT.V508.FILE042.PDS, moved to PDS/COTIME
2025-04-08 18:04:36.793050 - Found DGAXSMF.txt (text/plain) in CBT.V508.FILE042.PDS, moved to PDS/DGAXSMF
2025-04-08 18:04:36.793726 - Found DGAXSMFA.jcl (text/plain) in CBT.V508.FILE042.PDS, moved to PDS/DGAXSMFA
2025-04-08 18:04:36.794488 - Found SESSHW.txt (text/plain) in CBT.V508.FILE042.PDS, moved to PDS/SESSHW
2025-04-08 18:04:36.795338 - Found STAARC1.jcl (text/plain) in CBT.V508.FILE042.PDS, moved to PDS/STAARC1
2025-04-08 18:04:36.796197 - Found STACT.jcl (text/plain) in CBT.V508.FILE042.PDS, moved to PDS/STACT
2025-04-08 18:04:36.796898 - Found STACTEQ0.jcl (text/plain) in CBT.V508.FILE042.PDS, moved to PDS/STACTEQ0
2025-04-08 18:04:36.797639 - Found STACTERR.jcl (text/plain) in CBT.V508.FILE042.PDS, moved to PDS/STACTERR
2025-04-08 18:04:36.798247 - Found STACTGT0.jcl (text/plain) in CBT.V508.FILE042.PDS, moved to PDS/STACTGT0
2025-04-08 18:04:36.799243 - Found STADAILY.jcl (text/plain) in CBT.V508.FILE042.PDS, moved to PDS/STADAILY
2025-04-08 18:04:36.799946 - Found STADEL.jcl (text/plain) in CBT.V508.FILE042.PDS, moved to PDS/STADEL
2025-04-08 18:04:36.800638 - Found STADIAG.jcl (text/plain) in CBT.V508.FILE042.PDS, moved to PDS/STADIAG
2025-04-08 18:04:36.801424 - Found STAERRM.jcl (text/plain) in CBT.V508.FILE042.PDS, moved to PDS/STAERRM
2025-04-08 18:04:36.802056 - Found STAESDS.jcl (text/plain) in CBT.V508.FILE042.PDS, moved to PDS/STAESDS
2025-04-08 18:04:36.802779 - Found STAFI.jcl (text/plain) in CBT.V508.FILE042.PDS, moved to PDS/STAFI
2025-04-08 18:04:36.803423 - Found STAHDR.txt (text/plain) in CBT.V508.FILE042.PDS, moved to PDS/STAHDR
2025-04-08 18:04:36.804123 - Found STAHOURS.jcl (text/plain) in CBT.V508.FILE042.PDS, moved to PDS/STAHOURS
2025-04-08 18:04:36.804839 - Found STAHOUR2.jcl (text/plain) in CBT.V508.FILE042.PDS, moved to PDS/STAHOUR2
2025-04-08 18:04:36.805614 - Found STAHOUR3.jcl (text/plain) in CBT.V508.FILE042.PDS, moved to PDS/STAHOUR3
2025-04-08 18:04:36.806379 - Found STAHW.jcl (text/plain) in CBT.V508.FILE042.PDS, moved to PDS/STAHW
2025-04-08 18:04:36.807046 - Found STAHWP.jcl (text/plain) in CBT.V508.FILE042.PDS, moved to PDS/STAHWP
2025-04-08 18:04:36.807691 - Found STAHWRPT.jcl (text/plain) in CBT.V508.FILE042.PDS, moved to PDS/STAHWRPT
2025-04-08 18:04:36.808492 - Found STAHW01.jcl (text/plain) in CBT.V508.FILE042.PDS, moved to PDS/STAHW01
2025-04-08 18:04:36.809211 - Found STAHW02.jcl (text/plain) in CBT.V508.FILE042.PDS, moved to PDS/STAHW02
2025-04-08 18:04:36.809888 - Found STAHW03.jcl (text/plain) in CBT.V508.FILE042.PDS, moved to PDS/STAHW03
2025-04-08 18:04:36.810546 - Found STAHW04.jcl (text/plain) in CBT.V508.FILE042.PDS, moved to PDS/STAHW04
2025-04-08 18:04:36.811219 - Found STAINDEX.txt (text/plain) in CBT.V508.FILE042.PDS, moved to PDS/STAINDEX
2025-04-08 18:04:36.811963 - Found STAINQ.jcl (text/plain) in CBT.V508.FILE042.PDS, moved to PDS/STAINQ
2025-04-08 18:04:36.812638 - Found STAINQ2.jcl (text/plain) in CBT.V508.FILE042.PDS, moved to PDS/STAINQ2
2025-04-08 18:04:36.813364 - Found STAKEY.jcl (text/plain) in CBT.V508.FILE042.PDS, moved to PDS/STAKEY
2025-04-08 18:04:36.814144 - Found STAKSDS.jcl (text/plain) in CBT.V508.FILE042.PDS, moved to PDS/STAKSDS
2025-04-08 18:04:36.815049 - Found STALNGF.jcl (text/plain) in CBT.V508.FILE042.PDS, moved to PDS/STALNGF
2025-04-08 18:04:36.815793 - Found STANM.jcl (text/plain) in CBT.V508.FILE042.PDS, moved to PDS/STANM
2025-04-08 18:04:36.816604 - Found STANMRPT.jcl (text/plain) in CBT.V508.FILE042.PDS, moved to PDS/STANMRPT
2025-04-08 18:04:36.817369 - Found STANMU.jcl (text/plain) in CBT.V508.FILE042.PDS, moved to PDS/STANMU
2025-04-08 18:04:36.818036 - Found STAPS.jcl (text/plain) in CBT.V508.FILE042.PDS, moved to PDS/STAPS
2025-04-08 18:04:36.818765 - Found STAPSREX.rexx (text/plain) in CBT.V508.FILE042.PDS, moved to PDS/STAPSREX
2025-04-08 18:04:36.819502 - Found STAPSRPT.jcl (text/plain) in CBT.V508.FILE042.PDS, moved to PDS/STAPSRPT
2025-04-08 18:04:36.820190 - Found STAPT.jcl (text/plain) in CBT.V508.FILE042.PDS, moved to PDS/STAPT
2025-04-08 18:04:36.820887 - Found STAPTRPT.jcl (text/plain) in CBT.V508.FILE042.PDS, moved to PDS/STAPTRPT
2025-04-08 18:04:36.821630 - Found STAPTRP2.jcl (text/plain) in CBT.V508.FILE042.PDS, moved to PDS/STAPTRP2
2025-04-08 18:04:36.822367 - Found STARE.jcl (text/plain) in CBT.V508.FILE042.PDS, moved to PDS/STARE
2025-04-08 18:04:36.823005 - Found STARECS.jcl (text/plain) in CBT.V508.FILE042.PDS, moved to PDS/STARECS
2025-04-08 18:04:36.823667 - Found STAREPRO.jcl (text/plain) in CBT.V508.FILE042.PDS, moved to PDS/STAREPRO
2025-04-08 18:04:36.824420 - Found STARJ.jcl (text/plain) in CBT.V508.FILE042.PDS, moved to PDS/STARJ
2025-04-08 18:04:36.825159 - Found STARO.jcl (text/plain) in CBT.V508.FILE042.PDS, moved to PDS/STARO
2025-04-08 18:04:36.825842 - Found STASMF01.jcl (text/plain) in CBT.V508.FILE042.PDS, moved to PDS/STASMF01
2025-04-08 18:04:36.826477 - Found STASMF02.jcl (text/plain) in CBT.V508.FILE042.PDS, moved to PDS/STASMF02
2025-04-08 18:04:36.827116 - Found STASMF03.jcl (text/plain) in CBT.V508.FILE042.PDS, moved to PDS/STASMF03
2025-04-08 18:04:36.827859 - Found STASMF04.jcl (text/plain) in CBT.V508.FILE042.PDS, moved to PDS/STASMF04
2025-04-08 18:04:36.828504 - Found STASS.jcl (text/plain) in CBT.V508.FILE042.PDS, moved to PDS/STASS
2025-04-08 18:04:36.829228 - Found STASW.jcl (text/plain) in CBT.V508.FILE042.PDS, moved to PDS/STASW
2025-04-08 18:04:36.829873 - Found STAS2.jcl (text/plain) in CBT.V508.FILE042.PDS, moved to PDS/STAS2
2025-04-08 18:04:36.831165 - Found WORDST1.odt (application/vnd.oasis.opendocument.text) in CBT.V508.FILE042.PDS, moved to docs/WORDST1.odt
2025-04-08 18:04:36.832108 - Found WORDST2.odt (application/vnd.oasis.opendocument.text) in CBT.V508.FILE042.PDS, moved to docs/WORDST2.odt
2025-04-08 18:04:36.833040 - Found WORDST3.odt (application/vnd.oasis.opendocument.text) in CBT.V508.FILE042.PDS, moved to docs/WORDST3.odt
2025-04-08 18:04:36.834113 - Found WORDST4.odt (application/vnd.oasis.opendocument.text) in CBT.V508.FILE042.PDS, moved to docs/WORDST4.odt
2025-04-08 18:04:36.835055 - Found WORDST5.odt (application/vnd.oasis.opendocument.text) in CBT.V508.FILE042.PDS, moved to docs/WORDST5.odt
